<?xml version="1.0" encoding="UTF-8"?>
<testng-results ignored="0" total="1" passed="1" failed="0" skipped="0">
  <reporter-output>
  </reporter-output>
  <suite started-at="2026-03-09T20:11:59 IST" name="AutomationSuite" finished-at="2026-03-09T20:12:09 IST" duration-ms="10402">
    <groups>
    </groups>
    <test started-at="2026-03-09T20:11:59 IST" name="GUIelementsTest" finished-at="2026-03-09T20:12:09 IST" duration-ms="10402">
      <class name="tests.GUIelementsTest">
        <test-method is-config="true" signature="setup()[pri:0, instance:tests.GUIelementsTest@5e8f9e2d]" started-at="2026-03-09T20:11:59 IST" name="setup" finished-at="2026-03-09T20:12:07 IST" duration-ms="8734" status="PASS">
          <reporter-output>
          </reporter-output>
        </test-method> <!-- setup -->
        <test-method signature="testGUIElements()[pri:0, instance:tests.GUIelementsTest@5e8f9e2d]" started-at="2026-03-09T20:12:07 IST" name="testGUIElements" finished-at="2026-03-09T20:12:09 IST" duration-ms="1396" status="PASS">
          <reporter-output>
          </reporter-output>
        </test-method> <!-- testGUIElements -->
        <test-method is-config="true" signature="teardown()[pri:0, instance:tests.GUIelementsTest@5e8f9e2d]" started-at="2026-03-09T20:12:09 IST" name="teardown" finished-at="2026-03-09T20:12:09 IST" duration-ms="220" status="PASS">
          <reporter-output>
          </reporter-output>
        </test-method> <!-- teardown -->
      </class> <!-- tests.GUIelementsTest -->
    </test> <!-- GUIelementsTest -->
  </suite> <!-- AutomationSuite -->
</testng-results>
